python script/infer.py \
    --config model/deploy/deploy.yaml \
    --image_root_path ./ \
    --image_filelist test.txt \
    --save_dir paddle_inference \
    --with_argmax
2024-03-28 17:11:52 [INFO]      Use GPU
--- Running analysis [ir_graph_build_pass]
I0328 17:11:52.534394 259123 executor.cc:187] Old Executor is Running.
--- Running analysis [ir_analysis_pass]
--- Running IR pass [map_op_to_another_pass]
I0328 17:11:52.555029 259123 fuse_pass_base.cc:59] ---  detected 22 subgraphs
--- Running IR pass [identity_scale_op_clean_pass]
--- Running IR pass [is_test_pass]
--- Running IR pass [simplify_with_basic_ops_pass]
--- Running IR pass [delete_quant_dequant_linear_op_pass]
--- Running IR pass [delete_weight_dequant_linear_op_pass]
--- Running IR pass [constant_folding_pass]
--- Running IR pass [silu_fuse_pass]
--- Running IR pass [conv_bn_fuse_pass]
I0328 17:11:52.696955 259123 fuse_pass_base.cc:59] ---  detected 92 subgraphs
--- Running IR pass [conv_eltwiseadd_bn_fuse_pass]
--- Running IR pass [embedding_eltwise_layernorm_fuse_pass]
--- Running IR pass [multihead_matmul_fuse_pass_v2]
--- Running IR pass [vit_attention_fuse_pass]
--- Running IR pass [fused_multi_transformer_encoder_pass]
--- Running IR pass [fused_multi_transformer_decoder_pass]
--- Running IR pass [fused_multi_transformer_encoder_fuse_qkv_pass]
--- Running IR pass [fused_multi_transformer_decoder_fuse_qkv_pass]
--- Running IR pass [multi_devices_fused_multi_transformer_encoder_pass]
--- Running IR pass [multi_devices_fused_multi_transformer_encoder_fuse_qkv_pass]
--- Running IR pass [multi_devices_fused_multi_transformer_decoder_fuse_qkv_pass]
--- Running IR pass [fuse_multi_transformer_layer_pass]
--- Running IR pass [gpu_cpu_squeeze2_matmul_fuse_pass]
--- Running IR pass [gpu_cpu_reshape2_matmul_fuse_pass]
--- Running IR pass [gpu_cpu_flatten2_matmul_fuse_pass]
--- Running IR pass [gpu_cpu_map_matmul_v2_to_mul_pass]
--- Running IR pass [gpu_cpu_map_matmul_v2_to_matmul_pass]
I0328 17:11:53.493978 259123 fuse_pass_base.cc:59] ---  detected 24 subgraphs
--- Running IR pass [matmul_scale_fuse_pass]
I0328 17:11:53.496109 259123 fuse_pass_base.cc:59] ---  detected 12 subgraphs
--- Running IR pass [multihead_matmul_fuse_pass_v3]
--- Running IR pass [gpu_cpu_map_matmul_to_mul_pass]
--- Running IR pass [fc_fuse_pass]
--- Running IR pass [fc_elementwise_layernorm_fuse_pass]
--- Running IR pass [conv_elementwise_add_act_fuse_pass]
I0328 17:11:53.556834 259123 fuse_pass_base.cc:59] ---  detected 19 subgraphs
--- Running IR pass [conv_elementwise_add2_act_fuse_pass]
--- Running IR pass [conv_elementwise_add_fuse_pass]
W0328 17:11:53.588807 259123 op_compat_sensible_pass.cc:232]  Check the Attr(axis) of Op(elementwise_add) in pass(conv_elementwise_add_fuse_pass) failed!
W0328 17:11:53.588816 259123 conv_elementwise_add_fuse_pass.cc:94] Pass in op compat failed.
W0328 17:11:53.588819 259123 op_compat_sensible_pass.cc:232]  Check the Attr(axis) of Op(elementwise_add) in pass(conv_elementwise_add_fuse_pass) failed!
W0328 17:11:53.588820 259123 conv_elementwise_add_fuse_pass.cc:94] Pass in op compat failed.
W0328 17:11:53.588821 259123 op_compat_sensible_pass.cc:232]  Check the Attr(axis) of Op(elementwise_add) in pass(conv_elementwise_add_fuse_pass) failed!
W0328 17:11:53.588822 259123 conv_elementwise_add_fuse_pass.cc:94] Pass in op compat failed.
W0328 17:11:53.588824 259123 op_compat_sensible_pass.cc:232]  Check the Attr(axis) of Op(elementwise_add) in pass(conv_elementwise_add_fuse_pass) failed!
W0328 17:11:53.588825 259123 conv_elementwise_add_fuse_pass.cc:94] Pass in op compat failed.
W0328 17:11:53.588826 259123 op_compat_sensible_pass.cc:232]  Check the Attr(axis) of Op(elementwise_add) in pass(conv_elementwise_add_fuse_pass) failed!
W0328 17:11:53.588827 259123 conv_elementwise_add_fuse_pass.cc:94] Pass in op compat failed.
W0328 17:11:53.588829 259123 op_compat_sensible_pass.cc:232]  Check the Attr(axis) of Op(elementwise_add) in pass(conv_elementwise_add_fuse_pass) failed!
W0328 17:11:53.588830 259123 conv_elementwise_add_fuse_pass.cc:94] Pass in op compat failed.
W0328 17:11:53.588831 259123 op_compat_sensible_pass.cc:232]  Check the Attr(axis) of Op(elementwise_add) in pass(conv_elementwise_add_fuse_pass) failed!
W0328 17:11:53.588832 259123 conv_elementwise_add_fuse_pass.cc:94] Pass in op compat failed.
I0328 17:11:53.594900 259123 fuse_pass_base.cc:59] ---  detected 73 subgraphs
--- Running IR pass [transpose_flatten_concat_fuse_pass]
--- Running IR pass [conv2d_fusion_layout_transfer_pass]
--- Running IR pass [transfer_layout_elim_pass]
--- Running IR pass [auto_mixed_precision_pass]
--- Running IR pass [inplace_op_var_pass]
--- Running analysis [save_optimized_model_pass]
W0328 17:11:53.613587 259123 save_optimized_model_pass.cc:28] save_optim_cache_model is turned off, skip save_optimized_model_pass
--- Running analysis [ir_params_sync_among_devices_pass]
I0328 17:11:53.613617 259123 ir_params_sync_among_devices_pass.cc:51] Sync params from CPU to GPU
--- Running analysis [adjust_cudnn_workspace_size_pass]
--- Running analysis [inference_op_replace_pass]
--- Running analysis [memory_optimize_pass]
I0328 17:11:53.630908 259123 memory_optimize_pass.cc:222] Cluster name : reshape2_38.tmp_1  size: 0
I0328 17:11:53.630944 259123 memory_optimize_pass.cc:222] Cluster name : transpose_18.tmp_0  size: 4608
I0328 17:11:53.630946 259123 memory_optimize_pass.cc:222] Cluster name : batch_norm_45.tmp_2  size: 115200
I0328 17:11:53.630947 259123 memory_optimize_pass.cc:222] Cluster name : batch_norm_58.tmp_2  size: 46080
I0328 17:11:53.630949 259123 memory_optimize_pass.cc:222] Cluster name : elementwise_add_3  size: 230400
I0328 17:11:53.630951 259123 memory_optimize_pass.cc:222] Cluster name : inputs  size: 3686400
I0328 17:11:53.630952 259123 memory_optimize_pass.cc:222] Cluster name : batch_norm_23.tmp_2  size: 192000
I0328 17:11:53.630954 259123 memory_optimize_pass.cc:222] Cluster name : tmp_58  size: 1843200
I0328 17:11:53.630954 259123 memory_optimize_pass.cc:222] Cluster name : tmp_0  size: 4915200
I0328 17:11:53.630955 259123 memory_optimize_pass.cc:222] Cluster name : relu_5.tmp_0  size: 5529600
I0328 17:11:53.630956 259123 memory_optimize_pass.cc:222] Cluster name : reshape2_30.tmp_0  size: 9216
I0328 17:11:53.630959 259123 memory_optimize_pass.cc:222] Cluster name : transpose_8.tmp_0  size: 11520
I0328 17:11:53.630961 259123 memory_optimize_pass.cc:222] Cluster name : relu_2.tmp_0  size: 19660800
--- Running analysis [ir_graph_to_program_pass]
I0328 17:11:53.663534 259123 analysis_predictor.cc:1660] ======= optimize end =======
I0328 17:11:53.664098 259123 naive_executor.cc:164] ---  skip [feed], feed -> inputs
I0328 17:11:53.665313 259123 naive_executor.cc:164] ---  skip [bilinear_interp_v2_2.tmp_0], fetch -> fetch
W0328 17:11:53.701421 259123 gpu_resources.cc:119] Please NOTE: device: 0, GPU Compute Capability: 8.6, Driver API Version: 12.2, Runtime API Version: 12.0
W0328 17:11:53.701893 259123 gpu_resources.cc:149] device: 0, cuDNN Version: 8.9.
2024-03-28 17:11:54 [INFO]      Finish